Build started 2013-05-28 19:12:00.
     1>Project "C:\Users\Linda\Desktop\flyGame\fly\FlyGameProjects\FlyGame\FlyGameProject.vcxproj" on node 2 (build target(s)).
     1>PrepareForBuild:
         Creating directory "C:\Users\Linda\Desktop\flyGame\fly\FlyGameProjects\FlyGame\..\WorkingDir\Bin\".
       InitializeBuildStatus:
         Creating "C:\Users\Linda\Desktop\flyGame\fly\FlyGameProjects\FlyGame\..\WorkingDir\AssemblyFiles\x86\Debug\FlyGameProject.unsuccessfulbuild" because "AlwaysCreate" was specified.
       ClCompile:
         c:\Program Files\Microsoft Visual Studio 10.0\VC\bin\CL.exe /c /ZI /nologo /W3 /WX- /Od /Oy- /D WIN32 /D _DEBUG /D _WINDOWS /D _UNICODE /D UNICODE /Gm /EHsc /RTC1 /MDd /GS /fp:precise /Zc:wchar_t /Zc:forScope /Fo"C:\Users\Linda\Desktop\flyGame\fly\FlyGameProjects\FlyGame\..\WorkingDir\AssemblyFiles\x86\Debug\\" /Fd"C:\Users\Linda\Desktop\flyGame\fly\FlyGameProjects\FlyGame\..\WorkingDir\AssemblyFiles\x86\Debug\vc100.pdb" /Gd /TP /analyze- /errorReport:prompt Core\Application.cpp Core\BaseBuffer.cpp Core\BaseShader.cpp Core\BlendState.cpp Core\D3DShell.cpp Core\DepthStencilState.cpp Core\DrawableTexture.cpp Core\Input.cpp Core\Light\DirectionLight.cpp Core\Light\LightHolder.cpp Core\Light\PointLight.cpp Core\Mesh\Cube.cpp Core\Mesh\FullScreenQuad.cpp Core\Mesh\MaterialHandler.cpp Core\Mesh\Object.cpp Core\Mesh\ObjectMaterial.cpp Core\Mesh\Plane.cpp Core\Mesh\Terrain.cpp Core\RasterizerState.cpp Core\Render\BlurShader.cpp Core\Render\FinalShader.cpp Core\Render\GBufferAnimationShader.cpp Core\Render\GBufferShader.cpp Core\Render\LightShader.cpp Core\Render\ShadowMapShader.cpp Core\SamplerState.cpp Core\ShaderHandler.cpp Core\Texture2D.cpp Core\WindowShell.cpp Main.cpp Util\Camera.cpp Util\CollisionLib.cpp Util\FlyCamera.cpp Util\Importer\ObjectImporter.cpp Util\Importer\ResourceImporter.cpp Util\OctTree.cpp Util\Timer.cpp WindEmiter.cpp
         WindEmiter.cpp
     1>c:\users\linda\desktop\flygame\fly\flygameprojects\flygameengine\util\misc.h(4): fatal error C1083: Cannot open include file: 'D3DX11\D3D10_1.h': No such file or directory
         Timer.cpp
     1>c1xx : fatal error C1083: Cannot open source file: 'Util\Timer.cpp': No such file or directory
         OctTree.cpp
     1>c1xx : fatal error C1083: Cannot open source file: 'Util\OctTree.cpp': No such file or directory
         ResourceImporter.cpp
     1>c1xx : fatal error C1083: Cannot open source file: 'Util\Importer\ResourceImporter.cpp': No such file or directory
         ObjectImporter.cpp
     1>c1xx : fatal error C1083: Cannot open source file: 'Util\Importer\ObjectImporter.cpp': No such file or directory
         FlyCamera.cpp
     1>c1xx : fatal error C1083: Cannot open source file: 'Util\FlyCamera.cpp': No such file or directory
         CollisionLib.cpp
     1>c1xx : fatal error C1083: Cannot open source file: 'Util\CollisionLib.cpp': No such file or directory
         Camera.cpp
     1>c1xx : fatal error C1083: Cannot open source file: 'Util\Camera.cpp': No such file or directory
         Main.cpp
     1>c:\users\linda\desktop\flygame\fly\flygameprojects\flygame\flygame.h(11): fatal error C1083: Cannot open include file: 'Lua/lua.h': No such file or directory
         WindowShell.cpp
     1>c1xx : fatal error C1083: Cannot open source file: 'Core\WindowShell.cpp': No such file or directory
         Texture2D.cpp
     1>c1xx : fatal error C1083: Cannot open source file: 'Core\Texture2D.cpp': No such file or directory
         ShaderHandler.cpp
     1>c1xx : fatal error C1083: Cannot open source file: 'Core\ShaderHandler.cpp': No such file or directory
         SamplerState.cpp
     1>c1xx : fatal error C1083: Cannot open source file: 'Core\SamplerState.cpp': No such file or directory
         ShadowMapShader.cpp
     1>c1xx : fatal error C1083: Cannot open source file: 'Core\Render\ShadowMapShader.cpp': No such file or directory
         LightShader.cpp
     1>c1xx : fatal error C1083: Cannot open source file: 'Core\Render\LightShader.cpp': No such file or directory
         GBufferShader.cpp
     1>c1xx : fatal error C1083: Cannot open source file: 'Core\Render\GBufferShader.cpp': No such file or directory
         GBufferAnimationShader.cpp
     1>c1xx : fatal error C1083: Cannot open source file: 'Core\Render\GBufferAnimationShader.cpp': No such file or directory
         FinalShader.cpp
     1>c1xx : fatal error C1083: Cannot open source file: 'Core\Render\FinalShader.cpp': No such file or directory
         BlurShader.cpp
     1>c1xx : fatal error C1083: Cannot open source file: 'Core\Render\BlurShader.cpp': No such file or directory
         RasterizerState.cpp
     1>c1xx : fatal error C1083: Cannot open source file: 'Core\RasterizerState.cpp': No such file or directory
         Generating Code...
         Compiling...
         Terrain.cpp
     1>c1xx : fatal error C1083: Cannot open source file: 'Core\Mesh\Terrain.cpp': No such file or directory
         Plane.cpp
     1>c1xx : fatal error C1083: Cannot open source file: 'Core\Mesh\Plane.cpp': No such file or directory
         ObjectMaterial.cpp
     1>c1xx : fatal error C1083: Cannot open source file: 'Core\Mesh\ObjectMaterial.cpp': No such file or directory
         Object.cpp
     1>c1xx : fatal error C1083: Cannot open source file: 'Core\Mesh\Object.cpp': No such file or directory
         MaterialHandler.cpp
     1>c1xx : fatal error C1083: Cannot open source file: 'Core\Mesh\MaterialHandler.cpp': No such file or directory
         FullScreenQuad.cpp
     1>c1xx : fatal error C1083: Cannot open source file: 'Core\Mesh\FullScreenQuad.cpp': No such file or directory
         Cube.cpp
     1>c1xx : fatal error C1083: Cannot open source file: 'Core\Mesh\Cube.cpp': No such file or directory
         PointLight.cpp
     1>c1xx : fatal error C1083: Cannot open source file: 'Core\Light\PointLight.cpp': No such file or directory
         LightHolder.cpp
     1>c1xx : fatal error C1083: Cannot open source file: 'Core\Light\LightHolder.cpp': No such file or directory
         DirectionLight.cpp
     1>c1xx : fatal error C1083: Cannot open source file: 'Core\Light\DirectionLight.cpp': No such file or directory
         Input.cpp
     1>c1xx : fatal error C1083: Cannot open source file: 'Core\Input.cpp': No such file or directory
         DrawableTexture.cpp
     1>c1xx : fatal error C1083: Cannot open source file: 'Core\DrawableTexture.cpp': No such file or directory
         DepthStencilState.cpp
     1>c1xx : fatal error C1083: Cannot open source file: 'Core\DepthStencilState.cpp': No such file or directory
         D3DShell.cpp
     1>c1xx : fatal error C1083: Cannot open source file: 'Core\D3DShell.cpp': No such file or directory
         BlendState.cpp
     1>c1xx : fatal error C1083: Cannot open source file: 'Core\BlendState.cpp': No such file or directory
         BaseShader.cpp
     1>c1xx : fatal error C1083: Cannot open source file: 'Core\BaseShader.cpp': No such file or directory
         BaseBuffer.cpp
     1>c1xx : fatal error C1083: Cannot open source file: 'Core\BaseBuffer.cpp': No such file or directory
         Application.cpp
     1>c1xx : fatal error C1083: Cannot open source file: 'Core\Application.cpp': No such file or directory
         Generating Code...
     1>Done Building Project "C:\Users\Linda\Desktop\flyGame\fly\FlyGameProjects\FlyGame\FlyGameProject.vcxproj" (build target(s)) -- FAILED.

Build FAILED.

Time Elapsed 00:00:03.32
