Build started 2013-05-13 10:35:36.
     1>Project "C:\Users\Linda\Desktop\flyGame\fly\FlyGameProjects\FlyWind_C++CLI\FlyWind_C++CLI.vcxproj" on node 3 (build target(s)).
     1>InitializeBuildStatus:
         Touching "C:\Users\Linda\Desktop\flyGame\fly\FlyGameProjects\..\WorkingDir\Assembly\CLI\Win32\Debug\FlyWind_C++CLI.unsuccessfulbuild".
       GenerateTargetFrameworkMonikerAttribute:
       Skipping target "GenerateTargetFrameworkMonikerAttribute" because all output files are up-to-date with respect to the input files.
       ClCompile:
         c:\Program Files\Microsoft Visual Studio 10.0\VC\bin\CL.exe /c /AI"C:\Program Files\Reference Assemblies\Microsoft\Framework\.NETFramework\v4.0" /Zi /clr /nologo /W3 /WX- /Od /Oy- /D WIN32 /D _DEBUG /D _WINDOWS /D _USRDLL /D FLYWIND_CCLI_EXPORTS /D _WINDLL /D _UNICODE /D UNICODE /EHa /MDd /GS /fp:precise /Zc:wchar_t /Zc:forScope /Fo"C:\Users\Linda\Desktop\flyGame\fly\FlyGameProjects\..\WorkingDir\Assembly\CLI\Win32\Debug\\" /Fd"C:\Users\Linda\Desktop\flyGame\fly\FlyGameProjects\..\WorkingDir\Assembly\CLI\Win32\Debug\vc100.pdb" /TP /FU"C:\Program Files\Reference Assemblies\Microsoft\Framework\.NETFramework\v4.0\PresentationCore.dll" /FU"C:\Program Files\Reference Assemblies\Microsoft\Framework\.NETFramework\v4.0\PresentationFramework.dll" /FU"C:\Program Files\Reference Assemblies\Microsoft\Framework\.NETFramework\v4.0\System.Core.dll" /FU"C:\Program Files\Reference Assemblies\Microsoft\Framework\.NETFramework\v4.0\System.Data.dll" /FU"C:\Program Files\Reference Assemblies\Microsoft\Framework\.NETFramework\v4.0\System.dll" /FU"C:\Program Files\Reference Assemblies\Microsoft\Framework\.NETFramework\v4.0\System.Xml.dll" /FU"C:\Program Files\Reference Assemblies\Microsoft\Framework\.NETFramework\v4.0\WindowsBase.dll" /analyze- /errorReport:prompt FlyWindEdit.cpp /clr:nostdlib 
         FlyWindEdit.cpp
     1>FlyWindEdit.cpp(58): error C2660: 'FlyMesh::Render' : function does not take 0 arguments
     1>FlyWindEdit.cpp(76): error C2664: 'bool FlyEngine::Geometry_Load(const wchar_t *,std::vector<_Ty> *)' : cannot convert parameter 2 from 'std::vector<_Ty>' to 'std::vector<_Ty> *'
                 with
                 [
                     _Ty=Entity *
                 ]
                 and
                 [
                     _Ty=SmartPtrStd<FlyMesh>
                 ]
                 and
                 [
                     _Ty=Entity *
                 ]
                 No user-defined-conversion operator available that can perform this conversion, or the operator cannot be called
     1>Done Building Project "C:\Users\Linda\Desktop\flyGame\fly\FlyGameProjects\FlyWind_C++CLI\FlyWind_C++CLI.vcxproj" (build target(s)) -- FAILED.

Build FAILED.

Time Elapsed 00:00:02.27
